
> nextn@0.1.0 build
> next build

   Γû▓ Next.js 15.5.9
   - Environments: .env

   Creating an optimized production build ...
Failed to compile.

./src/app/treatments/laser-hair-removal/page.tsx
Module parse failed: Identifier 'useAuthGuard' has already been declared (14:9)
File was processed with these loaders:
 * ./node_modules/next/dist/build/webpack/loaders/next-flight-client-module-loader.js
 * ./node_modules/next/dist/build/webpack/loaders/next-swc-loader.js
You may need an additional loader to handle the result of these loaders.
| import { useAuthGuard } from "@/hooks/use-auth-guard";
| import { useLanguage } from "@/context/language-context";
> import { useAuthGuard } from "@/hooks/use-auth-guard";
| export default function LaserHairRemovalPage() {
|     return /*#__PURE__*/ _jsx(Suspense, {

Import trace for requested module:
./src/app/treatments/laser-hair-removal/page.tsx


> Build failed because of webpack errors
